app/build/intermediates/manifest_merge_blame_file/debug/manifest-merger-blame-debug-report.txt
1<?xml version="1.0" encoding="utf-8"?>
2<manifest xmlns:android="http://schemas.android.com/apk/res/android"
3    package="cn.jjwwai.www.hcj_weather"
4    android:versionCode="1"
5    android:versionName="1.0" >
6
7    <uses-sdk
8        android:minSdkVersion="21"
8-->src\main\AndroidManifest.xml
9        android:targetSdkVersion="26" />
9-->src\main\AndroidManifest.xml
10
11    <uses-permission android:name="android.permission.INTERNET" />
11-->src\main\AndroidManifest.xml:5:5-66
11-->src\main\AndroidManifest.xml:5:22-64
12
13    <application
13-->src\main\AndroidManifest.xml:6:5-25:19
14        android:name="org.litepal.LitePalApplication"
14-->src\main\AndroidManifest.xml:7:9-54
15        android:allowBackup="true"
15-->src\main\AndroidManifest.xml:8:9-35
16        android:debuggable="true"
17        android:icon="@mipmap/ic_launcher"
17-->src\main\AndroidManifest.xml:9:9-43
18        android:label="@string/app_name"
18-->src\main\AndroidManifest.xml:10:9-41
19        android:roundIcon="@mipmap/ic_launcher_round"
19-->src\main\AndroidManifest.xml:11:9-54
20        android:supportsRtl="true"
20-->src\main\AndroidManifest.xml:12:9-35
21        android:testOnly="true"
22        android:theme="@style/AppTheme" >
22-->src\main\AndroidManifest.xml:13:9-40
23        <activity android:name="cn.jjwwai.www.hcj_weather.MainActivity" >
23-->src\main\AndroidManifest.xml:14:9-19:20
23-->src\main\AndroidManifest.xml:14:19-47
24            <intent-filter>
24-->src\main\AndroidManifest.xml:15:13-18:29
25                <action android:name="android.intent.action.MAIN" />
25-->src\main\AndroidManifest.xml:16:17-69
25-->src\main\AndroidManifest.xml:16:25-66
26
27                <category android:name="android.intent.category.LAUNCHER" />
27-->src\main\AndroidManifest.xml:17:17-77
27-->src\main\AndroidManifest.xml:17:27-74
28            </intent-filter>
29        </activity>
30        <activity android:name="cn.jjwwai.www.hcj_weather.WeatherActivity" >
30-->src\main\AndroidManifest.xml:20:9-24:20
30-->src\main\AndroidManifest.xml:20:19-50
31            <intent-filter>
31-->src\main\AndroidManifest.xml:21:13-23:29
32                <category android:name="android.intent.category.DEFAULT" />
32-->src\main\AndroidManifest.xml:22:17-76
32-->src\main\AndroidManifest.xml:22:27-73
33            </intent-filter>
34        </activity>
35
36        <meta-data
36-->[com.android.support:appcompat-v7:26.1.0] AndroidManifest.xml:26:9-28:38
37            android:name="android.support.VERSION"
37-->[com.android.support:appcompat-v7:26.1.0] AndroidManifest.xml:27:13-51
38            android:value="26.1.0" />
38-->[com.android.support:appcompat-v7:26.1.0] AndroidManifest.xml:28:13-35
39        <meta-data
39-->[android.arch.lifecycle:runtime:1.0.0] AndroidManifest.xml:25:9-27:47
40            android:name="android.arch.lifecycle.VERSION"
40-->[android.arch.lifecycle:runtime:1.0.0] AndroidManifest.xml:26:13-58
41            android:value="27.0.0-SNAPSHOT" />
41-->[android.arch.lifecycle:runtime:1.0.0] AndroidManifest.xml:27:13-44
42    </application>
43
44</manifest>